2025-04-01 15:29:48,415 - data.preprocessor - INFO - Successfully loaded configuration from ..\configs\preprocessing\feature_config.yaml
2025-04-01 15:29:48,417 - data.preprocessor - INFO - Initialized FeaturePreprocessor with config from ..\configs\preprocessing\feature_config.yaml
2025-04-01 15:30:07,715 - data.preprocessor - INFO - Successfully loaded data from ../data/spotify_1k_sample_data.csv: 1000 rows, 43 columns
2025-04-01 15:30:13,385 - data.preprocessor - INFO - Starting preprocessing pipeline for ../data/spotify_1k_sample_data.csv
2025-04-01 15:30:13,399 - data.preprocessor - INFO - Successfully loaded data from ../data/spotify_1k_sample_data.csv: 1000 rows, 43 columns
2025-04-01 15:30:13,400 - data.preprocessor - INFO - Handling missing values
2025-04-01 15:30:13,412 - data.preprocessor - INFO - Completed missing value handling
2025-04-01 15:30:13,413 - data.preprocessor - INFO - Treating outliers in numerical features
2025-04-01 15:30:13,415 - data.preprocessor - INFO - Capped outliers for age: [-8.558249039192283, 84.07624903919228]
2025-04-01 15:30:13,416 - data.preprocessor - INFO - Completed outlier treatment
2025-04-01 15:30:13,417 - data.preprocessor - INFO - Fitting and applying normalization to numerical features
2025-04-01 15:30:13,420 - data.preprocessor - INFO - Normalized feature: age
2025-04-01 15:30:13,422 - data.preprocessor - INFO - Applied log transform to monthly_hours
2025-04-01 15:30:13,429 - data.preprocessor - INFO - Normalized feature: monthly_hours
2025-04-01 15:30:13,433 - data.preprocessor - INFO - Normalized feature: genre_diversity
2025-04-01 15:30:13,438 - data.preprocessor - INFO - Normalized feature: avg_danceability
2025-04-01 15:30:13,441 - data.preprocessor - INFO - Normalized feature: avg_energy
2025-04-01 15:30:13,446 - data.preprocessor - INFO - Normalized feature: avg_loudness
2025-04-01 15:30:13,451 - data.preprocessor - INFO - Normalized feature: avg_speechiness
2025-04-01 15:30:13,457 - data.preprocessor - INFO - Normalized feature: avg_acousticness
2025-04-01 15:30:13,462 - data.preprocessor - INFO - Normalized feature: avg_instrumentalness
2025-04-01 15:30:13,467 - data.preprocessor - INFO - Normalized feature: avg_liveness
2025-04-01 15:30:13,472 - data.preprocessor - INFO - Normalized feature: avg_valence
2025-04-01 15:30:13,479 - data.preprocessor - INFO - Normalized feature: avg_tempo
2025-04-01 15:30:13,484 - data.preprocessor - INFO - Normalized feature: year
2025-04-01 15:30:13,486 - data.preprocessor - INFO - Applied log transform to duration_ms
2025-04-01 15:30:13,489 - data.preprocessor - INFO - Normalized feature: duration_ms
2025-04-01 15:30:13,494 - data.preprocessor - INFO - Normalized feature: danceability
2025-04-01 15:30:13,500 - data.preprocessor - INFO - Normalized feature: energy
2025-04-01 15:30:13,505 - data.preprocessor - INFO - Normalized feature: loudness
2025-04-01 15:30:13,510 - data.preprocessor - INFO - Normalized feature: speechiness
2025-04-01 15:30:13,515 - data.preprocessor - INFO - Normalized feature: acousticness
2025-04-01 15:30:13,518 - data.preprocessor - INFO - Normalized feature: instrumentalness
2025-04-01 15:30:13,521 - data.preprocessor - INFO - Normalized feature: liveness
2025-04-01 15:30:13,526 - data.preprocessor - INFO - Normalized feature: valence
2025-04-01 15:30:13,531 - data.preprocessor - INFO - Normalized feature: tempo
2025-04-01 15:30:13,532 - data.preprocessor - INFO - Completed numerical feature normalization
2025-04-01 15:30:13,533 - data.preprocessor - INFO - Fitting and applying encoding to categorical features
2025-04-01 15:30:13,538 - data.preprocessor - INFO - One-hot encoded gender into 2 categories
2025-04-01 15:30:13,541 - data.preprocessor - INFO - Created entity mapping for country with 21 categories
2025-04-01 15:30:13,544 - data.preprocessor - INFO - Applied entity mapping to country
2025-04-01 15:30:13,546 - data.preprocessor - INFO - Replaced 3 rare categories in top_genre with 'other'
2025-04-01 15:30:13,554 - data.preprocessor - INFO - One-hot encoded top_genre into 9 categories
2025-04-01 15:30:13,883 - data.preprocessor - INFO - One-hot encoded avg_key into 689 categories
2025-04-01 15:30:14,488 - data.preprocessor - INFO - One-hot encoded avg_mode into 448 categories
2025-04-01 15:30:14,857 - data.preprocessor - INFO - One-hot encoded avg_time_signature into 313 categories
2025-04-01 15:30:14,860 - data.preprocessor - INFO - Created entity mapping for artist with 42 categories
2025-04-01 15:30:14,864 - data.preprocessor - INFO - Applied entity mapping to artist
2025-04-01 15:30:14,876 - data.preprocessor - INFO - One-hot encoded main_genre into 8 categories
2025-04-01 15:30:14,894 - data.preprocessor - INFO - One-hot encoded key into 12 categories
2025-04-01 15:30:14,903 - data.preprocessor - INFO - One-hot encoded mode into 2 categories
2025-04-01 15:30:14,909 - data.preprocessor - INFO - One-hot encoded time_signature into 3 categories
2025-04-01 15:30:14,910 - data.preprocessor - INFO - Completed categorical feature encoding
2025-04-01 15:30:14,912 - data.preprocessor - INFO - Applying feature engineering
2025-04-01 15:30:14,915 - data.preprocessor - INFO - Created compatibility feature: danceability_compatibility
2025-04-01 15:30:14,918 - data.preprocessor - INFO - Created compatibility feature: energy_compatibility
2025-04-01 15:30:14,921 - data.preprocessor - INFO - Created compatibility feature: valence_compatibility
2025-04-01 15:30:14,925 - data.preprocessor - INFO - Created compatibility feature: acousticness_compatibility
2025-04-01 15:30:14,929 - data.preprocessor - INFO - Created compatibility feature: tempo_compatibility
2025-04-01 15:30:14,933 - data.preprocessor - INFO - Created temporal feature: recency
2025-04-01 15:30:14,939 - data.preprocessor - INFO - Created binary temporal feature: is_new_release
2025-04-01 15:30:14,946 - data.preprocessor - INFO - Created placeholder for interaction feature: age_genre_interaction
2025-04-01 15:30:14,948 - data.preprocessor - INFO - Completed feature engineering
2025-04-01 15:30:14,950 - data.preprocessor - INFO - Preparing target variable
2025-04-01 15:30:14,954 - data.preprocessor - INFO - Created target variable: 43.50% positive rate
2025-04-01 15:30:14,955 - data.preprocessor - INFO - Splitting data into train, validation, and test sets
2025-04-01 15:30:15,189 - data.preprocessor - INFO - Split data: Train=701 rows, Validation=149 rows, Test=150 rows
2025-04-01 15:30:15,191 - data.preprocessor - INFO - Users: Train=632, Validation=135, Test=136
2025-04-01 15:30:16,543 - data.preprocessor - INFO - Saved preprocessor objects to ../data/preprocessed_data\preprocessor.joblib
2025-04-01 15:30:16,545 - data.preprocessor - INFO - Preprocessing complete
2025-04-01 15:30:52,122 - root - INFO - Logging to: logs\preprocessing_20250401_153052.log
2025-04-01 15:30:52,123 - __main__ - INFO - Starting preprocessing pipeline
2025-04-01 15:30:52,123 - __main__ - INFO - Input data: data/spotify_10k_sample_data.csv
2025-04-01 15:30:52,123 - __main__ - INFO - Output directory: data/spotify_10k_preprocessed
2025-04-01 15:30:52,124 - __main__ - INFO - Configuration: configs/preprocessing/feature_config.yaml
2025-04-01 15:30:52,144 - data.preprocessor - INFO - Successfully loaded configuration from configs/preprocessing/feature_config.yaml
2025-04-01 15:30:52,145 - data.preprocessor - INFO - Initialized FeaturePreprocessor with config from configs/preprocessing/feature_config.yaml
2025-04-01 15:30:52,145 - data.preprocessor - INFO - Starting preprocessing pipeline for data/spotify_10k_sample_data.csv
2025-04-01 15:30:52,239 - data.preprocessor - INFO - Successfully loaded data from data/spotify_10k_sample_data.csv: 10000 rows, 43 columns
2025-04-01 15:30:52,240 - data.preprocessor - INFO - Handling missing values
2025-04-01 15:30:52,254 - data.preprocessor - INFO - Completed missing value handling
2025-04-01 15:30:52,255 - data.preprocessor - INFO - Treating outliers in numerical features
2025-04-01 15:30:52,257 - data.preprocessor - INFO - Capped outliers for age: [-8.961664379909273, 84.70766437990926]
2025-04-01 15:30:52,257 - data.preprocessor - INFO - Completed outlier treatment
2025-04-01 15:30:52,257 - data.preprocessor - INFO - Fitting and applying normalization to numerical features
2025-04-01 15:30:52,260 - data.preprocessor - INFO - Normalized feature: age
2025-04-01 15:30:52,261 - data.preprocessor - INFO - Applied log transform to monthly_hours
2025-04-01 15:30:52,265 - data.preprocessor - INFO - Normalized feature: monthly_hours
2025-04-01 15:30:52,267 - data.preprocessor - INFO - Normalized feature: genre_diversity
2025-04-01 15:30:52,269 - data.preprocessor - INFO - Normalized feature: avg_danceability
2025-04-01 15:30:52,271 - data.preprocessor - INFO - Normalized feature: avg_energy
2025-04-01 15:30:52,273 - data.preprocessor - INFO - Normalized feature: avg_loudness
2025-04-01 15:30:52,275 - data.preprocessor - INFO - Normalized feature: avg_speechiness
2025-04-01 15:30:52,277 - data.preprocessor - INFO - Normalized feature: avg_acousticness
2025-04-01 15:30:52,280 - data.preprocessor - INFO - Normalized feature: avg_instrumentalness
2025-04-01 15:30:52,282 - data.preprocessor - INFO - Normalized feature: avg_liveness
2025-04-01 15:30:52,284 - data.preprocessor - INFO - Normalized feature: avg_valence
2025-04-01 15:30:52,286 - data.preprocessor - INFO - Normalized feature: avg_tempo
2025-04-01 15:30:52,288 - data.preprocessor - INFO - Normalized feature: year
2025-04-01 15:30:52,289 - data.preprocessor - INFO - Applied log transform to duration_ms
2025-04-01 15:30:52,291 - data.preprocessor - INFO - Normalized feature: duration_ms
2025-04-01 15:30:52,293 - data.preprocessor - INFO - Normalized feature: danceability
2025-04-01 15:30:52,296 - data.preprocessor - INFO - Normalized feature: energy
2025-04-01 15:30:52,299 - data.preprocessor - INFO - Normalized feature: loudness
2025-04-01 15:30:52,301 - data.preprocessor - INFO - Normalized feature: speechiness
2025-04-01 15:30:52,303 - data.preprocessor - INFO - Normalized feature: acousticness
2025-04-01 15:30:52,305 - data.preprocessor - INFO - Normalized feature: instrumentalness
2025-04-01 15:30:52,306 - data.preprocessor - INFO - Normalized feature: liveness
2025-04-01 15:30:52,309 - data.preprocessor - INFO - Normalized feature: valence
2025-04-01 15:30:52,312 - data.preprocessor - INFO - Normalized feature: tempo
2025-04-01 15:30:52,313 - data.preprocessor - INFO - Completed numerical feature normalization
2025-04-01 15:30:52,313 - data.preprocessor - INFO - Fitting and applying encoding to categorical features
2025-04-01 15:30:52,319 - data.preprocessor - INFO - One-hot encoded gender into 2 categories
2025-04-01 15:30:52,320 - data.preprocessor - INFO - Created entity mapping for country with 21 categories
2025-04-01 15:30:52,324 - data.preprocessor - INFO - Applied entity mapping to country
2025-04-01 15:30:52,332 - data.preprocessor - INFO - One-hot encoded top_genre into 12 categories
2025-04-01 15:30:55,815 - data.preprocessor - INFO - One-hot encoded avg_key into 2328 categories
2025-04-01 15:30:57,575 - data.preprocessor - INFO - One-hot encoded avg_mode into 1190 categories
2025-04-01 15:30:59,179 - data.preprocessor - INFO - One-hot encoded avg_time_signature into 895 categories
2025-04-01 15:30:59,179 - data.preprocessor - INFO - Created entity mapping for artist with 709 categories
2025-04-01 15:30:59,179 - data.preprocessor - INFO - Applied entity mapping to artist
2025-04-01 15:30:59,213 - data.preprocessor - INFO - One-hot encoded main_genre into 12 categories
2025-04-01 15:30:59,246 - data.preprocessor - INFO - One-hot encoded key into 12 categories
2025-04-01 15:30:59,246 - data.preprocessor - INFO - One-hot encoded mode into 2 categories
2025-04-01 15:30:59,262 - data.preprocessor - INFO - One-hot encoded time_signature into 4 categories
2025-04-01 15:30:59,262 - data.preprocessor - INFO - Completed categorical feature encoding
2025-04-01 15:30:59,262 - data.preprocessor - INFO - Applying feature engineering
2025-04-01 15:30:59,262 - data.preprocessor - INFO - Created compatibility feature: danceability_compatibility
2025-04-01 15:30:59,262 - data.preprocessor - INFO - Created compatibility feature: energy_compatibility
2025-04-01 15:30:59,262 - data.preprocessor - INFO - Created compatibility feature: valence_compatibility
2025-04-01 15:30:59,262 - data.preprocessor - INFO - Created compatibility feature: acousticness_compatibility
2025-04-01 15:30:59,262 - data.preprocessor - INFO - Created compatibility feature: tempo_compatibility
2025-04-01 15:30:59,277 - data.preprocessor - INFO - Created temporal feature: recency
2025-04-01 15:30:59,279 - data.preprocessor - INFO - Created binary temporal feature: is_new_release
2025-04-01 15:30:59,279 - data.preprocessor - INFO - Created placeholder for interaction feature: age_genre_interaction
2025-04-01 15:30:59,279 - data.preprocessor - INFO - Completed feature engineering
2025-04-01 15:30:59,279 - data.preprocessor - INFO - Preparing target variable
2025-04-01 15:30:59,279 - data.preprocessor - INFO - Created target variable: 39.30% positive rate
2025-04-01 15:30:59,279 - data.preprocessor - INFO - Splitting data into train, validation, and test sets
2025-04-01 15:31:01,046 - data.preprocessor - INFO - Split data: Train=6976 rows, Validation=1493 rows, Test=1531 rows
2025-04-01 15:31:01,046 - data.preprocessor - INFO - Users: Train=3372, Validation=723, Test=723
2025-04-01 15:31:24,749 - data.preprocessor - INFO - Saved preprocessor objects to data/spotify_10k_preprocessed\preprocessor.joblib
2025-04-01 15:31:24,749 - data.preprocessor - INFO - Preprocessing complete
2025-04-01 15:31:24,796 - __main__ - INFO - Preprocessing complete
2025-04-01 15:31:24,796 - __main__ - INFO - Train set: 6976 rows
2025-04-01 15:31:24,796 - __main__ - INFO - Validation set: 1493 rows
2025-04-01 15:31:24,796 - __main__ - INFO - Test set: 1531 rows
2025-04-01 15:31:24,796 - __main__ - INFO - Log file copied to: data/spotify_10k_preprocessed\preprocessing.log
2025-04-01 15:36:25,627 - data.preprocessor - INFO - Successfully loaded configuration from ..\configs\preprocessing\feature_config.yaml
2025-04-01 15:36:25,627 - data.preprocessor - INFO - Initialized FeaturePreprocessor with config from ..\configs\preprocessing\feature_config.yaml
2025-04-01 15:36:31,270 - data.preprocessor - INFO - Successfully loaded data from ../data/spotify_1k_sample_data.csv: 1000 rows, 43 columns
2025-04-01 15:36:34,747 - data.preprocessor - INFO - Starting preprocessing pipeline for ../data/spotify_1k_sample_data.csv
2025-04-01 15:36:34,762 - data.preprocessor - INFO - Successfully loaded data from ../data/spotify_1k_sample_data.csv: 1000 rows, 43 columns
2025-04-01 15:36:34,763 - data.preprocessor - INFO - Handling missing values
2025-04-01 15:36:34,774 - data.preprocessor - INFO - Completed missing value handling
2025-04-01 15:36:34,775 - data.preprocessor - INFO - Treating outliers in numerical features
2025-04-01 15:36:34,779 - data.preprocessor - INFO - Capped outliers for age: [-8.558249039192283, 84.07624903919228]
2025-04-01 15:36:34,780 - data.preprocessor - INFO - Completed outlier treatment
2025-04-01 15:36:34,782 - data.preprocessor - INFO - Fitting and applying normalization to numerical features
2025-04-01 15:36:34,792 - data.preprocessor - INFO - Normalized feature: age
2025-04-01 15:36:34,794 - data.preprocessor - INFO - Applied log transform to monthly_hours
2025-04-01 15:36:34,798 - data.preprocessor - INFO - Normalized feature: monthly_hours
2025-04-01 15:36:34,805 - data.preprocessor - INFO - Normalized feature: genre_diversity
2025-04-01 15:36:34,809 - data.preprocessor - INFO - Normalized feature: avg_danceability
2025-04-01 15:36:34,812 - data.preprocessor - INFO - Normalized feature: avg_energy
2025-04-01 15:36:34,817 - data.preprocessor - INFO - Normalized feature: avg_loudness
2025-04-01 15:36:34,825 - data.preprocessor - INFO - Normalized feature: avg_speechiness
2025-04-01 15:36:34,830 - data.preprocessor - INFO - Normalized feature: avg_acousticness
2025-04-01 15:36:34,836 - data.preprocessor - INFO - Normalized feature: avg_instrumentalness
2025-04-01 15:36:34,841 - data.preprocessor - INFO - Normalized feature: avg_liveness
2025-04-01 15:36:34,848 - data.preprocessor - INFO - Normalized feature: avg_valence
2025-04-01 15:36:34,853 - data.preprocessor - INFO - Normalized feature: avg_tempo
2025-04-01 15:36:34,858 - data.preprocessor - INFO - Normalized feature: year
2025-04-01 15:36:34,858 - data.preprocessor - INFO - Applied log transform to duration_ms
2025-04-01 15:36:34,867 - data.preprocessor - INFO - Normalized feature: duration_ms
2025-04-01 15:36:34,872 - data.preprocessor - INFO - Normalized feature: danceability
2025-04-01 15:36:34,874 - data.preprocessor - INFO - Normalized feature: energy
2025-04-01 15:36:34,882 - data.preprocessor - INFO - Normalized feature: loudness
2025-04-01 15:36:34,882 - data.preprocessor - INFO - Normalized feature: speechiness
2025-04-01 15:36:34,891 - data.preprocessor - INFO - Normalized feature: acousticness
2025-04-01 15:36:34,894 - data.preprocessor - INFO - Normalized feature: instrumentalness
2025-04-01 15:36:34,899 - data.preprocessor - INFO - Normalized feature: liveness
2025-04-01 15:36:34,905 - data.preprocessor - INFO - Normalized feature: valence
2025-04-01 15:36:34,909 - data.preprocessor - INFO - Normalized feature: tempo
2025-04-01 15:36:34,909 - data.preprocessor - INFO - Completed numerical feature normalization
2025-04-01 15:36:34,909 - data.preprocessor - INFO - Fitting and applying encoding to categorical features
2025-04-01 15:36:34,919 - data.preprocessor - INFO - One-hot encoded gender into 2 categories
2025-04-01 15:36:34,922 - data.preprocessor - INFO - Created entity mapping for country with 21 categories
2025-04-01 15:36:34,922 - data.preprocessor - INFO - Applied entity mapping to country
2025-04-01 15:36:34,922 - data.preprocessor - INFO - Replaced 3 rare categories in top_genre with 'other'
2025-04-01 15:36:34,922 - data.preprocessor - INFO - One-hot encoded top_genre into 9 categories
2025-04-01 15:36:34,943 - data.preprocessor - INFO - One-hot encoded avg_key into 689 categories
2025-04-01 15:36:34,964 - data.preprocessor - INFO - One-hot encoded avg_mode into 448 categories
2025-04-01 15:36:34,989 - data.preprocessor - INFO - One-hot encoded avg_time_signature into 313 categories
2025-04-01 15:36:34,994 - data.preprocessor - INFO - Created entity mapping for artist with 42 categories
2025-04-01 15:36:34,994 - data.preprocessor - INFO - Applied entity mapping to artist
2025-04-01 15:36:35,015 - data.preprocessor - INFO - One-hot encoded main_genre into 8 categories
2025-04-01 15:36:35,037 - data.preprocessor - INFO - One-hot encoded key into 12 categories
2025-04-01 15:36:35,057 - data.preprocessor - INFO - One-hot encoded mode into 2 categories
2025-04-01 15:36:35,078 - data.preprocessor - INFO - One-hot encoded time_signature into 3 categories
2025-04-01 15:36:35,079 - data.preprocessor - INFO - Completed categorical feature encoding
2025-04-01 15:36:35,081 - data.preprocessor - INFO - Applying feature engineering
2025-04-01 15:36:35,083 - data.preprocessor - INFO - Created compatibility feature: danceability_compatibility
2025-04-01 15:36:35,085 - data.preprocessor - INFO - Created compatibility feature: energy_compatibility
2025-04-01 15:36:35,087 - data.preprocessor - INFO - Created compatibility feature: valence_compatibility
2025-04-01 15:36:35,088 - data.preprocessor - INFO - Created compatibility feature: acousticness_compatibility
2025-04-01 15:36:35,090 - data.preprocessor - INFO - Created compatibility feature: tempo_compatibility
2025-04-01 15:36:35,092 - data.preprocessor - INFO - Created temporal feature: recency
2025-04-01 15:36:35,092 - data.preprocessor - INFO - Created binary temporal feature: is_new_release
2025-04-01 15:36:35,096 - data.preprocessor - INFO - Created placeholder for interaction feature: age_genre_interaction
2025-04-01 15:36:35,098 - data.preprocessor - INFO - Completed feature engineering
2025-04-01 15:36:35,098 - data.preprocessor - INFO - Preparing target variable
2025-04-01 15:36:35,098 - data.preprocessor - INFO - Created target variable: 43.50% positive rate
2025-04-01 15:36:35,098 - data.preprocessor - INFO - Splitting data into train, validation, and test sets
2025-04-01 15:36:35,125 - data.preprocessor - INFO - Split data: Train=701 rows, Validation=149 rows, Test=150 rows
2025-04-01 15:36:35,125 - data.preprocessor - INFO - Users: Train=632, Validation=135, Test=136
2025-04-01 15:36:36,661 - data.preprocessor - INFO - Saved preprocessor objects to ../data/preprocessed_data\preprocessor.joblib
2025-04-01 15:36:36,663 - data.preprocessor - INFO - Preprocessing complete
2025-04-01 21:42:22,174 - data.preprocessor - ERROR - Failed to load configuration from ../config/preprocessing/features_config.yaml: [Errno 2] No such file or directory: '../config/preprocessing/features_config.yaml'
2025-04-01 21:42:34,120 - data.preprocessor - ERROR - Failed to load configuration from ../configs/preprocessing/features_config.yaml: [Errno 2] No such file or directory: '../configs/preprocessing/features_config.yaml'
2025-04-01 21:42:50,836 - data.preprocessor - ERROR - Failed to load configuration from ../configs/preprocessing/features_config.yaml: [Errno 2] No such file or directory: '../configs/preprocessing/features_config.yaml'
2025-04-01 21:43:45,225 - data.preprocessor - INFO - Successfully loaded configuration from ../configs/preprocessing/feature_config.yaml
2025-04-01 21:43:45,227 - data.preprocessor - INFO - Initialized FeaturePreprocessor with config from ../configs/preprocessing/feature_config.yaml
