[2025-04-01 08:35:33,406] [INFO] [logger:__init__:77] - Logger initialized. Log directory: C:\Users\mecha\Documents\lhydra-hybrid\logs
[2025-04-01 08:35:33,406] [INFO] [generate_recommendations_v2:main:629] - ================================================================================
[2025-04-01 08:35:33,406] [INFO] [generate_recommendations_v2:main:630] - Starting recommendation generation at 20250401_083533
[2025-04-01 08:35:33,406] [INFO] [generate_recommendations_v2:main:631] - ================================================================================
[2025-04-01 08:35:33,406] [INFO] [generate_recommendations_v2:main:638] - Using device: cpu
[2025-04-01 08:35:33,406] [INFO] [generate_recommendations_v2:from_checkpoint:494] - Loading model from models/checkpoints/best_model.pt
[2025-04-01 08:35:33,438] [INFO] [generate_recommendations_v2:from_checkpoint:507] - Loaded feature manifest from notebooks/shipping_10k_data/feature_manifest.yaml
[2025-04-01 08:35:33,438] [INFO] [generate_recommendations_v2:from_checkpoint:546] - Using dimensions from checkpoint weights: user=81, item=25
[2025-04-01 08:35:33,438] [INFO] [generate_recommendations_v2:from_checkpoint:563] - Created model with config: {'user_input_dim': 81, 'item_input_dim': 25}
[2025-04-01 08:35:33,438] [WARNING] [generate_recommendations_v2:from_checkpoint:568] - Loaded model state with strict=False to handle dimension mismatches
[2025-04-01 08:35:33,438] [INFO] [generate_recommendations_v2:from_checkpoint:581] - Loading user features from notebooks/shipping_10k_data/features/user_features.csv
[2025-04-01 08:35:33,504] [INFO] [generate_recommendations_v2:from_checkpoint:585] - Loading item features from notebooks/shipping_10k_data/features/item_features.csv
[2025-04-01 08:35:33,504] [INFO] [generate_recommendations_v2:__init__:66] - Model has feature manifest. Feature alignment will be used.
[2025-04-01 08:35:33,504] [INFO] [generate_recommendations_v2:__init__:69] - Feature dimensions from manifest: user=115, item=65
[2025-04-01 08:35:33,504] [INFO] [generate_recommendations_v2:__init__:92] - Recommendation engine initialized with 4818 users and 1415 items
[2025-04-01 08:35:33,504] [INFO] [generate_recommendations_v2:main:650] - Recommendation engine initialized successfully
[2025-04-01 08:35:33,504] [INFO] [generate_recommendations_v2:main:702] - Generating recommendations for user 3004
[2025-04-01 08:35:33,518] [INFO] [generate_recommendations_v2:predict_scores:219] - Found user 3004 in user features
[2025-04-01 08:35:33,600] [ERROR] [generate_recommendations_v2:predict_scores:297] - Error in chunk 0/15: mat1 and mat2 shapes cannot be multiplied (1x11600 and 81x128)
[2025-04-01 08:35:33,600] [ERROR] [generate_recommendations_v2:predict_scores:297] - Error in chunk 1/15: mat1 and mat2 shapes cannot be multiplied (1x11600 and 81x128)
[2025-04-01 08:35:33,605] [ERROR] [generate_recommendations_v2:predict_scores:297] - Error in chunk 2/15: mat1 and mat2 shapes cannot be multiplied (1x11600 and 81x128)
[2025-04-01 08:35:33,608] [ERROR] [generate_recommendations_v2:predict_scores:297] - Error in chunk 3/15: mat1 and mat2 shapes cannot be multiplied (1x11600 and 81x128)
[2025-04-01 08:35:33,610] [ERROR] [generate_recommendations_v2:predict_scores:297] - Error in chunk 4/15: mat1 and mat2 shapes cannot be multiplied (1x11600 and 81x128)
[2025-04-01 08:35:33,612] [ERROR] [generate_recommendations_v2:predict_scores:297] - Error in chunk 5/15: mat1 and mat2 shapes cannot be multiplied (1x11600 and 81x128)
[2025-04-01 08:35:33,612] [ERROR] [generate_recommendations_v2:predict_scores:297] - Error in chunk 6/15: mat1 and mat2 shapes cannot be multiplied (1x11600 and 81x128)
[2025-04-01 08:35:33,612] [ERROR] [generate_recommendations_v2:predict_scores:297] - Error in chunk 7/15: mat1 and mat2 shapes cannot be multiplied (1x11600 and 81x128)
[2025-04-01 08:35:33,618] [ERROR] [generate_recommendations_v2:predict_scores:297] - Error in chunk 8/15: mat1 and mat2 shapes cannot be multiplied (1x11600 and 81x128)
[2025-04-01 08:35:33,618] [ERROR] [generate_recommendations_v2:predict_scores:297] - Error in chunk 9/15: mat1 and mat2 shapes cannot be multiplied (1x11600 and 81x128)
[2025-04-01 08:35:33,622] [ERROR] [generate_recommendations_v2:predict_scores:297] - Error in chunk 10/15: mat1 and mat2 shapes cannot be multiplied (1x11600 and 81x128)
[2025-04-01 08:35:33,625] [ERROR] [generate_recommendations_v2:predict_scores:297] - Error in chunk 11/15: mat1 and mat2 shapes cannot be multiplied (1x11600 and 81x128)
[2025-04-01 08:35:33,625] [ERROR] [generate_recommendations_v2:predict_scores:297] - Error in chunk 12/15: mat1 and mat2 shapes cannot be multiplied (1x11600 and 81x128)
[2025-04-01 08:35:33,628] [ERROR] [generate_recommendations_v2:predict_scores:297] - Error in chunk 13/15: mat1 and mat2 shapes cannot be multiplied (1x11600 and 81x128)
[2025-04-01 08:35:33,628] [ERROR] [generate_recommendations_v2:predict_scores:297] - Error in chunk 14/15: mat1 and mat2 shapes cannot be multiplied (1x1740 and 81x128)
[2025-04-01 08:35:33,628] [INFO] [generate_recommendations_v2:main:728] - Saved 10 recommendations to recommendations/user3004_recommendations.csv
[2025-04-01 08:35:33,628] [INFO] [generate_recommendations_v2:main:741] - ================================================================================
[2025-04-01 08:35:33,628] [INFO] [generate_recommendations_v2:main:742] - Recommendation generation completed at 20250401_083533
[2025-04-01 08:35:33,628] [INFO] [generate_recommendations_v2:main:743] - ================================================================================
